Unity Editor version:    2020.3.23f1 (c5d91304a876)
Branch:                  2020.3/staging
Build type:              Release
Batch mode:              YES
macOS version:           Version 12.0.1 (Build 21A559)
Darwin version:          21.1.0
Architecture:            x86_64
Running under Rosetta:   NO
Available memory:        16384 MB
Using pre-set license
Pro License: NO

COMMAND LINE ARGUMENTS:
/Applications/Unity/Unity.app/Contents/MacOS/Unity
-adb2
-batchMode
-noUpm
-name
AssetImportWorker0
-projectPath
/Users/benlongcroft/Documents/unity/TreeProto
-logFile
Logs/AssetImportWorker0.log
-srvPort
64726
Successfully changed project path to: /Users/benlongcroft/Documents/unity/TreeProto
/Users/benlongcroft/Documents/unity/TreeProto
Using Asset Import Pipeline V2.
Refreshing native plugins compatible for Editor in 58.29 ms, found 3 plugins.
Preloading 0 native plugins for Editor in 0.00 ms.
Initialize engine version: 2020.3.23f1 (c5d91304a876)
[Subsystems] Discovering subsystems at path /Applications/Unity/Unity.app/Contents/Resources/UnitySubsystems
[Subsystems] Discovering subsystems at path /Users/benlongcroft/Documents/unity/TreeProto/Assets
GfxDevice: creating device client; threaded=0
2021-12-01 00:01:01.924 Unity[59958:8233633] Color LCD preferred device: Intel(R) Iris(TM) Plus Graphics 645 (low power)
2021-12-01 00:01:01.924 Unity[59958:8233633] Metal devices available: 1
2021-12-01 00:01:01.924 Unity[59958:8233633] 0: Intel(R) Iris(TM) Plus Graphics 645 (low power)
2021-12-01 00:01:01.924 Unity[59958:8233633] Using device Intel(R) Iris(TM) Plus Graphics 645 (low power)
Initializing Metal device caps: Intel(R) Iris(TM) Plus Graphics 645
Initialize mono
Mono path[0] = '/Applications/Unity/Unity.app/Contents/Managed'
Mono path[1] = '/Applications/Unity/Unity.app/Contents/MonoBleedingEdge/lib/mono/unityjit'
Mono config path = '/Applications/Unity/Unity.app/Contents/MonoBleedingEdge/etc'
Using monoOptions --debugger-agent=transport=dt_socket,embedding=1,server=y,suspend=n,address=127.0.0.1:56958
Begin MonoManager ReloadAssembly
Registering precompiled unity dll's ...
Register platform support module: /Applications/Unity/PlaybackEngines/WebGLSupport/UnityEditor.WebGL.Extensions.dll
Register platform support module: /Applications/Unity/Unity.app/Contents/PlaybackEngines/MacStandaloneSupport/UnityEditor.OSXStandalone.Extensions.dll
Registered in 0.003566 seconds.
Native extension for OSXStandalone target not found
Native extension for WebGL target not found
Refreshing native plugins compatible for Editor in 56.41 ms, found 3 plugins.
Preloading 0 native plugins for Editor in 0.00 ms.
Mono: successfully reloaded assembly
- Completed reload, in  0.740 seconds
Domain Reload Profiling:
	ReloadAssembly (740ms)
		BeginReloadAssembly (42ms)
			ExecutionOrderSort (0ms)
			DisableScriptedObjects (0ms)
			BackupInstance (0ms)
			ReleaseScriptingObjects (0ms)
			CreateAndSetChildDomain (1ms)
		EndReloadAssembly (605ms)
			LoadAssemblies (44ms)
			RebuildTransferFunctionScriptingTraits (0ms)
			SetupTypeCache (214ms)
			ReleaseScriptCaches (0ms)
			RebuildScriptCaches (44ms)
			SetupLoadedEditorAssemblies (246ms)
				LogAssemblyErrors (0ms)
				InitializePlatformSupportModulesInManaged (6ms)
				SetLoadedEditorAssemblies (0ms)
				RefreshPlugins (56ms)
				BeforeProcessingInitializeOnLoad (13ms)
				ProcessInitializeOnLoadAttributes (133ms)
				ProcessInitializeOnLoadMethodAttributes (37ms)
				AfterProcessingInitializeOnLoad (0ms)
				EditorAssembliesLoaded (0ms)
			ExecutionOrderSort2 (0ms)
			AwakeInstancesAfterBackupRestoration (0ms)
Platform modules already initialized, skipping
Registering precompiled user dll's ...
Registered in 0.009853 seconds.
Begin MonoManager ReloadAssembly
Native extension for OSXStandalone target not found
Native extension for WebGL target not found
Refreshing native plugins compatible for Editor in 54.01 ms, found 3 plugins.
Preloading 0 native plugins for Editor in 0.00 ms.
Mono: successfully reloaded assembly
- Completed reload, in  1.441 seconds
Domain Reload Profiling:
	ReloadAssembly (1442ms)
		BeginReloadAssembly (167ms)
			ExecutionOrderSort (0ms)
			DisableScriptedObjects (6ms)
			BackupInstance (0ms)
			ReleaseScriptingObjects (0ms)
			CreateAndSetChildDomain (26ms)
		EndReloadAssembly (1203ms)
			LoadAssemblies (128ms)
			RebuildTransferFunctionScriptingTraits (0ms)
			SetupTypeCache (415ms)
			ReleaseScriptCaches (1ms)
			RebuildScriptCaches (65ms)
			SetupLoadedEditorAssemblies (441ms)
				LogAssemblyErrors (0ms)
				InitializePlatformSupportModulesInManaged (5ms)
				SetLoadedEditorAssemblies (0ms)
				RefreshPlugins (54ms)
				BeforeProcessingInitializeOnLoad (80ms)
				ProcessInitializeOnLoadAttributes (276ms)
				ProcessInitializeOnLoadMethodAttributes (23ms)
				AfterProcessingInitializeOnLoad (1ms)
				EditorAssembliesLoaded (0ms)
			ExecutionOrderSort2 (0ms)
			AwakeInstancesAfterBackupRestoration (8ms)
Platform modules already initialized, skipping
Validating Project structure ... 0.004602 seconds.
Shader import version has changed; will reimport all shaders...
Upgrading shader files ...0.002574 seconds.
Application.AssetDatabase Initial Script Refresh Start
RefreshInfo: InitialScriptRefreshV2(NoUpdateAssetOptions) scanfilter:  ... 1 filters
RefreshProfiler: Total: 0.000ms
Application.AssetDatabase Initial Script Refresh End
Application.AssetDatabase.Refresh Start
Application.AssetDatabase.Refresh End
RefreshInfo: StopAssetImportingV2(ForceSynchronousImport) scanfilter: 
RefreshProfiler: Total: 0.000ms
Launching external process: /Applications/Unity/Unity.app/Contents/Tools/UnityShaderCompiler
Launched and connected shader compiler UnityShaderCompiler after 0.01 seconds
Initializing Unity extensions:
2021-12-01 00:01:06.156 Unity[59958:8233633] NSEventModifierFlagFunction specified to -setKeyEquivalentModifierMask: for item <NSMenuItem: 0x6000014cd260 Font Asset, ke='Command-F12'>, but is only supported for system-provided menu items; will not be used
2021-12-01 00:01:06.160 Unity[59958:8233633] NSEventModifierFlagFunction specified to -setKeyEquivalentModifierMask: for item <NSMenuItem: 0x60000143f4f0 Font Asset, ke='Command-F12'>, but is only supported for system-provided menu items; will not be used
========================================================================
Worker process is ready to serve import requests
Refreshing native plugins compatible for Editor in 0.45 ms, found 3 plugins.
Preloading 0 native plugins for Editor in 0.00 ms.
Unloading 2197 Unused Serialized files (Serialized files now loaded: 0)
System memory in use before: 227.1 MB.
System memory in use after: 226.3 MB.

Unloading 105 unused Assets to reduce memory usage. Loaded Objects now: 2671.
Total: 3.748553 ms (FindLiveObjects: 0.228369 ms CreateObjectMapping: 0.090964 ms MarkObjects: 2.901937 ms  DeleteObjects: 0.526103 ms)

AssetImportParameters requested are different than current active one (requested -> active):
  custom:video-decoder-ogg-theora: a1e56fd34408186e4bbccfd4996cb3dc -> 
  custom:container-muxer-webm: aa71ff27fc2769a1b78a27578f13a17b -> 
  custom:container-demuxer-webm: 4f35f7cbe854078d1ac9338744f61a02 -> 
  custom:container-demuxer-ogg: 62fdf1f143b41e24485cea50d1cbac27 -> 
  custom:video-encoder-webm-vp8: eb34c28f22e8b96e1ab97ce403110664 -> 
  custom:framework-osx-AVFoundation: e770b220cccbd017edd2c1fefb359320 -> 
  custom:video-decoder-webm-vp8: 9c59270c3fd7afecdb556c50c9e8de78 -> 
  custom:audio-decoder-ogg-vorbis: bf7c407c2cedff20999df2af8eb42d56 -> 
  custom:audio-encoder-webm-vorbis: bf7c407c2cedff20999df2af8eb42d56 -> 
========================================================================
Received Import Request.
  path: Assets/Prefabs/Canvas.prefab
  artifactKey: Guid(79056d19c8df64a438f169f84cf31841) Importer(815301076,1909f56bfc062723c751e8b465ee728b)
Start importing Assets/Prefabs/Canvas.prefab using Guid(79056d19c8df64a438f169f84cf31841) Importer(815301076,1909f56bfc062723c751e8b465ee728b)  -> (artifact id: '2259ed7481737a053788805b61e3de75') in 0.939475 seconds 
  Import took 0.950045 seconds .

========================================================================
Received Import Request.
  Time since last request: 9.511417 seconds.
  path: Assets/Prefabs/PollutionBar.prefab
  artifactKey: Guid(79056d19c8df64a438f169f84cf31841) Importer(815301076,1909f56bfc062723c751e8b465ee728b)
Start importing Assets/Prefabs/PollutionBar.prefab using Guid(79056d19c8df64a438f169f84cf31841) Importer(815301076,1909f56bfc062723c751e8b465ee728b)  -> (artifact id: 'e64948ac59bf9755469b57a3ff70730e') in 0.011748 seconds 
  Import took 0.016976 seconds .

========================================================================
Received Import Request.
  Time since last request: 32.363143 seconds.
  path: Assets/Art
  artifactKey: Guid(524e0ce36902b4f04a7bcb9d6769f630) Importer(815301076,1909f56bfc062723c751e8b465ee728b)
Start importing Assets/Art using Guid(524e0ce36902b4f04a7bcb9d6769f630) Importer(815301076,1909f56bfc062723c751e8b465ee728b)  -> (artifact id: '65ffe6031f3d8abfaa12aecc40fdcd28') in 0.003052 seconds 
  Import took 0.009384 seconds .

========================================================================
Received Prepare
Registering precompiled user dll's ...
Registered in 0.005432 seconds.
Begin MonoManager ReloadAssembly
Native extension for OSXStandalone target not found
Native extension for WebGL target not found
Refreshing native plugins compatible for Editor in 0.55 ms, found 3 plugins.
Preloading 0 native plugins for Editor in 0.00 ms.
2021-12-01 00:02:48.409 Unity[59958:8233633] NSEventModifierFlagFunction specified to -setKeyEquivalentModifierMask: for item <NSMenuItem: 0x6000014bdce0 Font Asset, ke='Command-F12'>, but is only supported for system-provided menu items; will not be used
Mono: successfully reloaded assembly
- Completed reload, in  1.326 seconds
Domain Reload Profiling:
	ReloadAssembly (1327ms)
		BeginReloadAssembly (116ms)
			ExecutionOrderSort (0ms)
			DisableScriptedObjects (7ms)
			BackupInstance (0ms)
			ReleaseScriptingObjects (0ms)
			CreateAndSetChildDomain (51ms)
		EndReloadAssembly (1136ms)
			LoadAssemblies (86ms)
			RebuildTransferFunctionScriptingTraits (0ms)
			SetupTypeCache (411ms)
			ReleaseScriptCaches (1ms)
			RebuildScriptCaches (62ms)
			SetupLoadedEditorAssemblies (414ms)
				LogAssemblyErrors (0ms)
				InitializePlatformSupportModulesInManaged (6ms)
				SetLoadedEditorAssemblies (1ms)
				RefreshPlugins (1ms)
				BeforeProcessingInitializeOnLoad (145ms)
				ProcessInitializeOnLoadAttributes (246ms)
				ProcessInitializeOnLoadMethodAttributes (13ms)
				AfterProcessingInitializeOnLoad (2ms)
				EditorAssembliesLoaded (0ms)
			ExecutionOrderSort2 (0ms)
			AwakeInstancesAfterBackupRestoration (12ms)
Platform modules already initialized, skipping
Refreshing native plugins compatible for Editor in 0.50 ms, found 3 plugins.
Preloading 0 native plugins for Editor in 0.00 ms.
Unloading 2184 Unused Serialized files (Serialized files now loaded: 0)
System memory in use before: 228.7 MB.
System memory in use after: 228.9 MB.

Unloading 19 unused Assets to reduce memory usage. Loaded Objects now: 2673.
Total: 3.980391 ms (FindLiveObjects: 0.259875 ms CreateObjectMapping: 0.124784 ms MarkObjects: 3.571256 ms  DeleteObjects: 0.023263 ms)

AssetImportParameters requested are different than current active one (requested -> active):
  custom:video-decoder-ogg-theora: a1e56fd34408186e4bbccfd4996cb3dc -> 
  custom:container-muxer-webm: aa71ff27fc2769a1b78a27578f13a17b -> 
  custom:container-demuxer-webm: 4f35f7cbe854078d1ac9338744f61a02 -> 
  custom:container-demuxer-ogg: 62fdf1f143b41e24485cea50d1cbac27 -> 
  custom:video-encoder-webm-vp8: eb34c28f22e8b96e1ab97ce403110664 -> 
  custom:framework-osx-AVFoundation: e770b220cccbd017edd2c1fefb359320 -> 
  custom:video-decoder-webm-vp8: 9c59270c3fd7afecdb556c50c9e8de78 -> 
  custom:audio-decoder-ogg-vorbis: bf7c407c2cedff20999df2af8eb42d56 -> 
  custom:audio-encoder-webm-vorbis: bf7c407c2cedff20999df2af8eb42d56 -> 
========================================================================
Received Import Request.
  Time since last request: 91.604413 seconds.
  path: Assets/Art/UI Bar
  artifactKey: Guid(9cc86d264ae3f4d29944cd851625d7c4) Importer(815301076,1909f56bfc062723c751e8b465ee728b)
Start importing Assets/Art/UI Bar using Guid(9cc86d264ae3f4d29944cd851625d7c4) Importer(815301076,1909f56bfc062723c751e8b465ee728b)  -> (artifact id: '0db7d995f17d141ef2a833f26e54dc1f') in 0.006371 seconds 
  Import took 0.011301 seconds .

========================================================================
Received Import Request.
  Time since last request: 28.417211 seconds.
  path: Assets/Art/Sprites
  artifactKey: Guid(3b7a836b29a6c4e65b1574d105c78326) Importer(815301076,1909f56bfc062723c751e8b465ee728b)
Start importing Assets/Art/Sprites using Guid(3b7a836b29a6c4e65b1574d105c78326) Importer(815301076,1909f56bfc062723c751e8b465ee728b)  -> (artifact id: '137595e8952edbb052970b9f9363a0ea') in 0.002050 seconds 
  Import took 0.007854 seconds .

========================================================================
Received Import Request.
  Time since last request: 17.596919 seconds.
  path: Assets/Tilemap/Tiles/plains-sliced_25.asset
  artifactKey: Guid(29c00f4847d8d41e88d1129f6d69af97) Importer(815301076,1909f56bfc062723c751e8b465ee728b)
Start importing Assets/Tilemap/Tiles/plains-sliced_25.asset using Guid(29c00f4847d8d41e88d1129f6d69af97) Importer(815301076,1909f56bfc062723c751e8b465ee728b)  -> (artifact id: '7e581cb2ce7bc9eeeb136dfb002b38d5') in 0.149526 seconds 
  Import took 0.158518 seconds .

========================================================================
Received Import Request.
  Time since last request: 0.000476 seconds.
  path: Assets/Tilemap/Tiles/plains-sliced_41.asset
  artifactKey: Guid(2bb8b26918c8a4598b16afea05b88074) Importer(815301076,1909f56bfc062723c751e8b465ee728b)
Start importing Assets/Tilemap/Tiles/plains-sliced_41.asset using Guid(2bb8b26918c8a4598b16afea05b88074) Importer(815301076,1909f56bfc062723c751e8b465ee728b)  -> (artifact id: '4fd75a382af96e88a284ec087635aca0') in 0.014067 seconds 
  Import took 0.020181 seconds .

========================================================================
Received Import Request.
  Time since last request: 0.000552 seconds.
  path: Assets/Tilemap/Tiles/plains-sliced_56.asset
  artifactKey: Guid(e6c31e395101f40318cde348a627db51) Importer(815301076,1909f56bfc062723c751e8b465ee728b)
Start importing Assets/Tilemap/Tiles/plains-sliced_56.asset using Guid(e6c31e395101f40318cde348a627db51) Importer(815301076,1909f56bfc062723c751e8b465ee728b)  -> (artifact id: 'b0e74635ae04329b3bb30a9ea9159eaa') in 0.010261 seconds 
  Import took 0.016796 seconds .

========================================================================
Received Import Request.
  Time since last request: 0.000324 seconds.
  path: Assets/Tilemap/Tiles/plains-sliced_48.asset
  artifactKey: Guid(c3dbc5da59cb44665a4629569b093fd7) Importer(815301076,1909f56bfc062723c751e8b465ee728b)
Start importing Assets/Tilemap/Tiles/plains-sliced_48.asset using Guid(c3dbc5da59cb44665a4629569b093fd7) Importer(815301076,1909f56bfc062723c751e8b465ee728b)  -> (artifact id: 'b3aab4ec6b0b8799ecd2febb6c284564') in 0.030550 seconds 
  Import took 0.035149 seconds .

========================================================================
Received Import Request.
  Time since last request: 0.000292 seconds.
  path: Assets/Tilemap/Tiles/plains-sliced_26.asset
  artifactKey: Guid(3969f21a809c74f719a9a0ab3c6ecab3) Importer(815301076,1909f56bfc062723c751e8b465ee728b)
Start importing Assets/Tilemap/Tiles/plains-sliced_26.asset using Guid(3969f21a809c74f719a9a0ab3c6ecab3) Importer(815301076,1909f56bfc062723c751e8b465ee728b)  -> (artifact id: 'bb5c01811ecdc925956da71a8135b2a1') in 0.007515 seconds 
  Import took 0.011036 seconds .

========================================================================
Received Import Request.
  Time since last request: 0.000226 seconds.
  path: Assets/Tilemap/Tiles/plains-sliced_45.asset
  artifactKey: Guid(0246b1baa38704067983f0574f1a17e1) Importer(815301076,1909f56bfc062723c751e8b465ee728b)
Start importing Assets/Tilemap/Tiles/plains-sliced_45.asset using Guid(0246b1baa38704067983f0574f1a17e1) Importer(815301076,1909f56bfc062723c751e8b465ee728b)  -> (artifact id: '7ef12cb350e3466399f5a894b4152ff9') in 0.007049 seconds 
  Import took 0.010441 seconds .

========================================================================
Received Import Request.
  Time since last request: 0.000201 seconds.
  path: Assets/Tilemap/Tiles/plains-sliced_54.asset
  artifactKey: Guid(f3b0595b7d34546faa8a7d6728243926) Importer(815301076,1909f56bfc062723c751e8b465ee728b)
Start importing Assets/Tilemap/Tiles/plains-sliced_54.asset using Guid(f3b0595b7d34546faa8a7d6728243926) Importer(815301076,1909f56bfc062723c751e8b465ee728b)  -> (artifact id: '3d5799f19ab60a53748ff672242e6b34') in 0.029885 seconds 
  Import took 0.034232 seconds .

========================================================================
Received Import Request.
  Time since last request: 0.000184 seconds.
  path: Assets/Tilemap/Tiles/plains-sliced_60.asset
  artifactKey: Guid(5ea7035d5c4aa47bb9e1dffd1d75bf92) Importer(815301076,1909f56bfc062723c751e8b465ee728b)
Start importing Assets/Tilemap/Tiles/plains-sliced_60.asset using Guid(5ea7035d5c4aa47bb9e1dffd1d75bf92) Importer(815301076,1909f56bfc062723c751e8b465ee728b)  -> (artifact id: '3c293e53058ce994015ae055af9f0d73') in 0.011137 seconds 
  Import took 0.015568 seconds .

========================================================================
Received Import Request.
  Time since last request: 0.000240 seconds.
  path: Assets/Tilemap/Tiles/plains-sliced_63.asset
  artifactKey: Guid(a6b479db4871f45c3995b8b9be6e4c24) Importer(815301076,1909f56bfc062723c751e8b465ee728b)
Start importing Assets/Tilemap/Tiles/plains-sliced_63.asset using Guid(a6b479db4871f45c3995b8b9be6e4c24) Importer(815301076,1909f56bfc062723c751e8b465ee728b)  -> (artifact id: 'f8a0f9658f2e7d4a4cbfebe97403d417') in 0.009654 seconds 
  Import took 0.014500 seconds .

========================================================================
Received Import Request.
  Time since last request: 0.000254 seconds.
  path: Assets/Tilemap/Tiles/plains-sliced_67.asset
  artifactKey: Guid(830010ed2080e49129da1b971ec05bd9) Importer(815301076,1909f56bfc062723c751e8b465ee728b)
Start importing Assets/Tilemap/Tiles/plains-sliced_67.asset using Guid(830010ed2080e49129da1b971ec05bd9) Importer(815301076,1909f56bfc062723c751e8b465ee728b)  -> (artifact id: '505ee3df9c64081a909eea709429448a') in 0.009999 seconds 
  Import took 0.014307 seconds .

========================================================================
Received Import Request.
  Time since last request: 0.000227 seconds.
  path: Assets/Tilemap/Tiles/plains-sliced_74.asset
  artifactKey: Guid(66669d8413b8942afb86e2cff4b4ef35) Importer(815301076,1909f56bfc062723c751e8b465ee728b)
Start importing Assets/Tilemap/Tiles/plains-sliced_74.asset using Guid(66669d8413b8942afb86e2cff4b4ef35) Importer(815301076,1909f56bfc062723c751e8b465ee728b)  -> (artifact id: '99b386dd47bad0e4134789501541ddd0') in 0.008964 seconds 
  Import took 0.013151 seconds .

========================================================================
Received Import Request.
  Time since last request: 0.000196 seconds.
  path: Assets/Tilemap/Tiles/plains-sliced_52.asset
  artifactKey: Guid(fc922d1c1c33f4f35829f463ad19088a) Importer(815301076,1909f56bfc062723c751e8b465ee728b)
Start importing Assets/Tilemap/Tiles/plains-sliced_52.asset using Guid(fc922d1c1c33f4f35829f463ad19088a) Importer(815301076,1909f56bfc062723c751e8b465ee728b)  -> (artifact id: '1d9c785c9a4cf9f8797afa8d686dc0a2') in 0.006404 seconds 
  Import took 0.009874 seconds .

========================================================================
Received Import Request.
  Time since last request: 0.000185 seconds.
  path: Assets/Tilemap/Tiles/plains-sliced_37.asset
  artifactKey: Guid(7a7732e7c480740209aa0447e074b8f0) Importer(815301076,1909f56bfc062723c751e8b465ee728b)
Start importing Assets/Tilemap/Tiles/plains-sliced_37.asset using Guid(7a7732e7c480740209aa0447e074b8f0) Importer(815301076,1909f56bfc062723c751e8b465ee728b)  -> (artifact id: 'dd311cc9e31ccb2b1321c4e7d1003904') in 0.022524 seconds 
  Import took 0.026017 seconds .

========================================================================
Received Import Request.
  Time since last request: 0.000218 seconds.
  path: Assets/Tilemap/Tiles/plains-sliced_51.asset
  artifactKey: Guid(fbfd942e507b44c60a4dbc7244240b8a) Importer(815301076,1909f56bfc062723c751e8b465ee728b)
Start importing Assets/Tilemap/Tiles/plains-sliced_51.asset using Guid(fbfd942e507b44c60a4dbc7244240b8a) Importer(815301076,1909f56bfc062723c751e8b465ee728b)  -> (artifact id: 'a0d33a92cfdbdaa2a49cd9d921c46610') in 0.007247 seconds 
  Import took 0.011249 seconds .

========================================================================
Received Import Request.
  Time since last request: 0.000211 seconds.
  path: Assets/Tilemap/Tiles/plains-sliced_62.asset
  artifactKey: Guid(2de9561289766420188aba275131f37c) Importer(815301076,1909f56bfc062723c751e8b465ee728b)
Start importing Assets/Tilemap/Tiles/plains-sliced_62.asset using Guid(2de9561289766420188aba275131f37c) Importer(815301076,1909f56bfc062723c751e8b465ee728b)  -> (artifact id: '8c3d2e12aa8f99d8934cf53fc4fc3fb2') in 0.010482 seconds 
  Import took 0.014763 seconds .

========================================================================
Received Import Request.
  Time since last request: 0.000216 seconds.
  path: Assets/Tilemap/Tiles/plains-sliced_30.asset
  artifactKey: Guid(e7a9b177c03574548b411c4c4825e550) Importer(815301076,1909f56bfc062723c751e8b465ee728b)
Start importing Assets/Tilemap/Tiles/plains-sliced_30.asset using Guid(e7a9b177c03574548b411c4c4825e550) Importer(815301076,1909f56bfc062723c751e8b465ee728b)  -> (artifact id: 'ed8894e26dc4c437d5e5c1e635aeb00e') in 0.021504 seconds 
  Import took 0.025219 seconds .

========================================================================
Received Import Request.
  Time since last request: 0.000223 seconds.
  path: Assets/Tilemap/Tiles/plains-sliced_68.asset
  artifactKey: Guid(9add6ab0af41c4e98a89cc97844e312b) Importer(815301076,1909f56bfc062723c751e8b465ee728b)
Start importing Assets/Tilemap/Tiles/plains-sliced_68.asset using Guid(9add6ab0af41c4e98a89cc97844e312b) Importer(815301076,1909f56bfc062723c751e8b465ee728b)  -> (artifact id: '00fc8e40316eae3b5056a2254b74c7ba') in 0.014357 seconds 
  Import took 0.018723 seconds .

========================================================================
Received Import Request.
  Time since last request: 0.000307 seconds.
  path: Assets/Tilemap/Tiles/plains-sliced_44.asset
  artifactKey: Guid(026ccb90938ce475fbc32acec76b30f0) Importer(815301076,1909f56bfc062723c751e8b465ee728b)
Start importing Assets/Tilemap/Tiles/plains-sliced_44.asset using Guid(026ccb90938ce475fbc32acec76b30f0) Importer(815301076,1909f56bfc062723c751e8b465ee728b)  -> (artifact id: 'c3e9e629aaa3ca3acf524c407901b68e') in 0.011230 seconds 
  Import took 0.015353 seconds .

========================================================================
Received Import Request.
  Time since last request: 0.000222 seconds.
  path: Assets/Tilemap/Tiles/plains-sliced_65.asset
  artifactKey: Guid(1ad2791ce0a914b1e978d387bafcdfbb) Importer(815301076,1909f56bfc062723c751e8b465ee728b)
Start importing Assets/Tilemap/Tiles/plains-sliced_65.asset using Guid(1ad2791ce0a914b1e978d387bafcdfbb) Importer(815301076,1909f56bfc062723c751e8b465ee728b)  -> (artifact id: '7c8d78caaf4254bdb08f5b9a0f6c81e9') in 0.028888 seconds 
  Import took 0.032726 seconds .

========================================================================
Received Import Request.
  Time since last request: 0.000314 seconds.
  path: Assets/Tilemap/Tiles/plains-sliced_34.asset
  artifactKey: Guid(3d9b22b4dc89c4bc2a04099095b1ae5b) Importer(815301076,1909f56bfc062723c751e8b465ee728b)
Start importing Assets/Tilemap/Tiles/plains-sliced_34.asset using Guid(3d9b22b4dc89c4bc2a04099095b1ae5b) Importer(815301076,1909f56bfc062723c751e8b465ee728b)  -> (artifact id: 'd88db541675511f2d5986b28b59128ea') in 0.010894 seconds 
  Import took 0.015301 seconds .

========================================================================
Received Import Request.
  Time since last request: 0.000264 seconds.
  path: Assets/Tilemap/Tiles/plains-sliced_66.asset
  artifactKey: Guid(83e4a238eb0e44e618736c622acb931f) Importer(815301076,1909f56bfc062723c751e8b465ee728b)
Start importing Assets/Tilemap/Tiles/plains-sliced_66.asset using Guid(83e4a238eb0e44e618736c622acb931f) Importer(815301076,1909f56bfc062723c751e8b465ee728b)  -> (artifact id: '13168314ee62f080643f8ca553577ad7') in 0.026660 seconds 
  Import took 0.030732 seconds .

========================================================================
Received Import Request.
  Time since last request: 0.000211 seconds.
  path: Assets/Tilemap/Tiles/plains-sliced_31.asset
  artifactKey: Guid(c4fd0fd9d32e347fbb5dcb87a687284a) Importer(815301076,1909f56bfc062723c751e8b465ee728b)
Start importing Assets/Tilemap/Tiles/plains-sliced_31.asset using Guid(c4fd0fd9d32e347fbb5dcb87a687284a) Importer(815301076,1909f56bfc062723c751e8b465ee728b)  -> (artifact id: '39a2505186b4b58967d5c89bfeb9637d') in 0.009451 seconds 
  Import took 0.014271 seconds .

========================================================================
Received Import Request.
  Time since last request: 0.000256 seconds.
  path: Assets/Tilemap/Tiles/plains-sliced_28.asset
  artifactKey: Guid(79ec5ffe946a9420295ce4776fa4700f) Importer(815301076,1909f56bfc062723c751e8b465ee728b)
Start importing Assets/Tilemap/Tiles/plains-sliced_28.asset using Guid(79ec5ffe946a9420295ce4776fa4700f) Importer(815301076,1909f56bfc062723c751e8b465ee728b)  -> (artifact id: '4864c6e3ee4e075784ea08337280e0d9') in 0.013771 seconds 
  Import took 0.018111 seconds .

========================================================================
Received Import Request.
  Time since last request: 0.000260 seconds.
  path: Assets/Tilemap/Tiles/plains-sliced_38.asset
  artifactKey: Guid(4940762fe133e4b9095920e847a78f8e) Importer(815301076,1909f56bfc062723c751e8b465ee728b)
Start importing Assets/Tilemap/Tiles/plains-sliced_38.asset using Guid(4940762fe133e4b9095920e847a78f8e) Importer(815301076,1909f56bfc062723c751e8b465ee728b)  -> (artifact id: '4695b6a29fb9600a0085b98ed3356c2f') in 0.016075 seconds 
  Import took 0.020048 seconds .

========================================================================
Received Import Request.
  Time since last request: 0.000182 seconds.
  path: Assets/Tilemap/Tiles/plains-sliced_53.asset
  artifactKey: Guid(6b559b10b42aa46cb9b8e4a9dee2f323) Importer(815301076,1909f56bfc062723c751e8b465ee728b)
Start importing Assets/Tilemap/Tiles/plains-sliced_53.asset using Guid(6b559b10b42aa46cb9b8e4a9dee2f323) Importer(815301076,1909f56bfc062723c751e8b465ee728b)  -> (artifact id: '3f649adecf0abb86fab674fbdd465738') in 0.024869 seconds 
  Import took 0.030055 seconds .

========================================================================
Received Import Request.
  Time since last request: 0.000361 seconds.
  path: Assets/Tilemap/Tiles/Tiles.asset
  artifactKey: Guid(93800ee922855432ca8644e8653769fd) Importer(815301076,1909f56bfc062723c751e8b465ee728b)
Start importing Assets/Tilemap/Tiles/Tiles.asset using Guid(93800ee922855432ca8644e8653769fd) Importer(815301076,1909f56bfc062723c751e8b465ee728b)  -> (artifact id: '37f61650ef169f0dbe8be4cf335ed217') in 0.010190 seconds 
  Import took 0.015851 seconds .

